{
  "RSpec": {
    "coverage": {
      "/home/avijit/projects/library/app/models/user.rb": [
        1,
        null,
        null,
        1,
        null,
        null,
        1,
        1,
        null,
        1,
        null,
        1,
        0,
        null,
        null,
        1,
        1,
        null,
        null
      ],
      "/home/avijit/projects/library/app/helpers/application_helper.rb": [
        1,
        null
      ],
      "/home/avijit/projects/library/app/helpers/book_helper.rb": [
        1,
        null
      ],
      "/home/avijit/projects/library/app/helpers/book_content_helper.rb": [
        1,
        1,
        0,
        null,
        null
      ],
      "/home/avijit/projects/library/app/helpers/registrations_helper.rb": [
        1,
        null
      ],
      "/home/avijit/projects/library/app/helpers/subject_helper.rb": [
        1,
        null
      ],
      "/home/avijit/projects/library/app/helpers/tests_helper.rb": [
        1,
        null
      ],
      "/home/avijit/projects/library/app/helpers/user_profile_helper.rb": [
        1,
        null
      ],
      "/home/avijit/projects/library/app/controllers/user_profile_controller.rb": [
        1,
        1,
        null,
        null,
        1,
        0,
        null,
        null,
        1,
        null,
        0,
        0,
        null,
        0,
        0,
        null,
        0,
        null,
        0,
        null,
        null,
        null,
        1,
        0,
        null,
        0,
        null,
        null,
        null,
        1,
        0,
        null,
        null,
        1,
        5,
        null,
        5,
        3,
        3,
        null,
        2,
        null,
        null,
        null,
        1,
        null,
        1,
        5,
        null,
        null,
        1,
        3,
        0,
        null,
        3,
        3,
        3,
        3,
        null,
        null,
        null,
        null,
        null
      ],
      "/home/avijit/projects/library/app/controllers/application_controller.rb": [
        1,
        null,
        null,
        1,
        null
      ],
      "/home/avijit/projects/library/app/models/book.rb": [
        1,
        1,
        1,
        1,
        1,
        1,
        1,
        1,
        null
      ],
      "/home/avijit/projects/library/app/models/subject.rb": [
        1,
        1,
        null
      ],
      "/home/avijit/projects/library/app/models/book_content.rb": [
        1,
        1,
        null,
        1,
        null,
        null
      ],
      "/home/avijit/projects/library/app/models/image.rb": [
        1,
        1,
        1,
        null
      ],
      "/home/avijit/projects/library/app/uploaders/avatar_uploader.rb": [
        null,
        null,
        1,
        null,
        null,
        null,
        null,
        null,
        null,
        1,
        null,
        null,
        null,
        null,
        1,
        0,
        null,
        null,
        null,
        null,
        null,
        null,
        null,
        null,
        null,
        null,
        null,
        null,
        null,
        null,
        null,
        null,
        null,
        null,
        null,
        null,
        null,
        null,
        null,
        null,
        1,
        0,
        null,
        null,
        null,
        null,
        null,
        null,
        null,
        null,
        null
      ],
      "/home/avijit/projects/library/app/models/user_profile.rb": [
        1,
        1,
        null,
        1,
        1,
        1,
        1,
        null
      ]
    },
    "timestamp": 1442991329
  }
}
