{
  "RSpec": {
    "coverage": {
      "/home/avijit/projects/library/app/models/user.rb": [
        1,
        null,
        null,
        1,
        null,
        null,
        1,
        1,
        null,
        1,
        null,
        1,
        0,
        null,
        null,
        1,
        1,
        null,
        null
      ],
      "/home/avijit/projects/library/app/helpers/application_helper.rb": [
        1,
        null
      ],
      "/home/avijit/projects/library/app/helpers/book_helper.rb": [
        1,
        null
      ],
      "/home/avijit/projects/library/app/helpers/book_content_helper.rb": [
        1,
        1,
        0,
        null,
        null
      ],
      "/home/avijit/projects/library/app/helpers/registrations_helper.rb": [
        1,
        null
      ],
      "/home/avijit/projects/library/app/helpers/subject_helper.rb": [
        1,
        null
      ],
      "/home/avijit/projects/library/app/helpers/tests_helper.rb": [
        1,
        null
      ],
      "/home/avijit/projects/library/app/helpers/user_profile_helper.rb": [
        1,
        null
      ],
      "/home/avijit/projects/library/app/models/book.rb": [
        1,
        1,
        1,
        1,
        1,
        1,
        1,
        1,
        null
      ],
      "/home/avijit/projects/library/app/models/subject.rb": [
        1,
        1,
        null
      ],
      "/home/avijit/projects/library/app/models/book_content.rb": [
        1,
        1,
        null,
        1,
        null,
        null
      ]
    },
    "timestamp": 1443075016
  }
}
